[00:02:45] [Server thread/INFO]: ofccccccccc lost connection: Disconnected
[00:02:45] [Server thread/INFO]: ofccccccccc left the game
[00:06:30] [User Authenticator #47/INFO]: UUID of player xovnoc is ed7054a5-b1b3-370f-a2e8-e3f3f6d20cf1
[00:06:31] [Server thread/INFO]: xovnoc[/127.0.0.1:54922] logged in with entity id 317983 at ([world]-58.664593177358924, 63.0, -805.0824826251384)
[00:16:58] [User Authenticator #48/INFO]: UUID of player ofccccccccc is 5ea4f0df-dc23-30b1-a8c6-93067f2efb1b
[00:16:58] [Server thread/INFO]: ofccccccccc[/127.0.0.1:55170] logged in with entity id 323480 at ([world]-97.4703863939111, 72.0, -670.3000000119209)
[00:17:07] [Async Chat Thread - #14/INFO]: <ofccccccccc> disc
[00:17:10] [Async Chat Thread - #14/INFO]: <xovnoc> hey bitch tits
[00:17:18] [Async Chat Thread - #14/INFO]: <ofccccccccc> ill eat ur ass
[00:32:41] [Server thread/INFO]: the_Crobar has made the advancement [Suit Up]
[00:34:41] [User Authenticator #49/INFO]: UUID of player IEATPOLES is 6e077af3-affb-3827-a55d-eebb1e86b09f
[00:34:41] [Server thread/INFO]: IEATPOLES[/127.0.0.1:55516] logged in with entity id 335308 at ([world]-151.5, 58.0, -769.5)
[00:40:49] [Server thread/INFO]: the_Crobar has made the advancement [A Seedy Place]
[00:54:21] [Server thread/INFO]: the_Crobar fell from a high place
[00:54:31] [Async Chat Thread - #15/INFO]: <IEATPOLES> tell randy to get on
[00:55:05] [Server thread/INFO]: the_Crobar lost connection: Disconnected
[00:55:05] [Server thread/INFO]: the_Crobar left the game
[01:01:31] [User Authenticator #50/INFO]: UUID of player xshadows73 is 9fa8340e-046e-3ca1-aae6-dbef82fb83d5
[01:01:32] [Server thread/INFO]: xshadows73[/127.0.0.1:56126] logged in with entity id 350656 at ([world]-533.174167552568, 100.0, -129.0087124729079)
[01:06:17] [Server thread/INFO]: xshadows73 has made the advancement [Hot Stuff]
[01:12:19] [Server thread/INFO]: xovnoc was slain by Cave Spider
[01:15:35] [Server thread/INFO]: xovnoc issued server command: /die
[01:15:37] [Server thread/INFO]: xovnoc issued server command: /kill
[01:15:57] [Server thread/INFO]: xovnoc was slain by Cave Spider
[01:16:41] [Server thread/INFO]: xovnoc lost connection: Disconnected
[01:16:41] [Server thread/INFO]: xovnoc left the game
[01:22:58] [Server thread/INFO]: IEATPOLES has made the advancement [Not Today, Thank You]
[01:25:43] [User Authenticator #51/INFO]: UUID of player YungReek is 4fb1254a-ecf4-3bd1-9744-3a5b4f50cc21
[01:25:43] [Server thread/INFO]: YungReek[/127.0.0.1:56742] logged in with entity id 380334 at ([world]-116.72410267403491, 70.0, -709.9179183561314)
[01:33:50] [User Authenticator #52/INFO]: UUID of player Ninjustinja is 6a6fd91b-fc5f-3a99-b359-b914cfda236c
[01:33:51] [Server thread/INFO]: Ninjustinja[/127.0.0.1:56868] logged in with entity id 390946 at ([world]-281.4987546054917, 71.0, -513.3978130231001)
[01:38:01] [Server thread/INFO]: xshadows73 has made the advancement [Diamonds!]
[01:43:44] [Server thread/INFO]: Ninjustinja lost connection: Disconnected
[01:43:44] [Server thread/INFO]: Ninjustinja left the game
[01:49:33] [Server thread/INFO]: xshadows73 lost connection: Disconnected
[01:49:33] [Server thread/INFO]: xshadows73 left the game
[01:49:57] [Async Chat Thread - #16/INFO]: <IEATPOLES> ofcccccccc
[01:50:03] [Async Chat Thread - #16/INFO]: <IEATPOLES> Okayyyyyyy
[01:58:27] [Server thread/INFO]: IEATPOLES has made the advancement [A Seedy Place]
[02:00:10] [Server thread/INFO]: IEATPOLES lost connection: Disconnected
[02:00:10] [Server thread/INFO]: IEATPOLES left the game
[02:15:47] [Server thread/WARN]: Horse moved wrongly!
[02:15:47] [Server thread/WARN]: Horse moved wrongly!
[02:15:47] [Server thread/WARN]: Horse moved wrongly!
[02:15:47] [Server thread/WARN]: Horse moved wrongly!
[02:15:47] [Server thread/WARN]: Horse moved wrongly!
[02:22:51] [User Authenticator #53/INFO]: UUID of player xovnoc is ed7054a5-b1b3-370f-a2e8-e3f3f6d20cf1
[02:22:51] [Server thread/INFO]: xovnoc[/127.0.0.1:57984] logged in with entity id 416135 at ([world]-144.754877665477, 63.0, -764.9642754289367)
[02:24:49] [Server thread/WARN]: Horse moved wrongly!
[02:24:49] [Server thread/WARN]: Horse moved wrongly!
[02:24:52] [Async Chat Thread - #17/INFO]: <YungReek> -30 -50
[02:33:43] [User Authenticator #54/INFO]: UUID of player Quartz3b is 66f1cf80-139c-3b2b-a048-f6c6974c54e0
[02:33:43] [Server thread/INFO]: Quartz3b[/127.0.0.1:58224] logged in with entity id 420638 at ([world]-93.32939982599876, 63.0, -785.9126156098292)
[02:57:23] [Server thread/INFO]: YungReek lost connection: Disconnected
[02:57:23] [Server thread/INFO]: YungReek left the game
[02:58:59] [User Authenticator #55/INFO]: UUID of player xovnoc is ed7054a5-b1b3-370f-a2e8-e3f3f6d20cf1
[02:58:59] [Server thread/INFO]: xovnoc lost connection: You logged in from another location
[02:58:59] [Server thread/INFO]: xovnoc left the game
[02:58:59] [Server thread/INFO]: xovnoc[/127.0.0.1:58836] logged in with entity id 428496 at ([world]-181.96707121443345, 70.0, -716.8343917416802)
[02:58:59] [Server thread/WARN]: handleDisconnection() called twice
[03:30:26] [User Authenticator #56/INFO]: UUID of player nuttyfriutcake is be929b50-2f06-33a3-b78b-bffb43efcf53
[03:30:26] [Server thread/INFO]: nuttyfriutcake[/127.0.0.1:59562] logged in with entity id 438462 at ([world]-96.54571500292263, 60.0, -771.1512519949714)
[03:33:21] [Server thread/WARN]: Horse moved wrongly!
[03:33:21] [Server thread/WARN]: Horse moved wrongly!
[03:33:33] [Server thread/WARN]: Horse moved wrongly!
[03:33:33] [Server thread/WARN]: Horse moved wrongly!
[03:55:51] [Server thread/INFO]: xovnoc has completed the challenge [Return to Sender]
[04:00:49] [Async Chat Thread - #18/INFO]: <xovnoc> -292 111
[04:08:46] [Server thread/INFO]: Quartz3b has made the advancement [Enchanter]
[04:15:29] [Server thread/INFO]: Quartz3b drowned
[04:15:34] [Server thread/INFO]: ofccccccccc lost connection: Disconnected
[04:15:34] [Server thread/INFO]: ofccccccccc left the game
[04:17:36] [Server thread/INFO]: Quartz3b lost connection: Disconnected
[04:17:36] [Server thread/INFO]: Quartz3b left the game
[04:35:25] [User Authenticator #57/INFO]: UUID of player Quartz3b is 66f1cf80-139c-3b2b-a048-f6c6974c54e0
[04:35:25] [Server thread/INFO]: Quartz3b[/127.0.0.1:32774] logged in with entity id 462891 at ([world]-84.69999998807907, 63.0, -786.9602633020029)
[04:51:49] [User Authenticator #58/INFO]: UUID of player YungReek is 4fb1254a-ecf4-3bd1-9744-3a5b4f50cc21
[04:51:49] [Server thread/INFO]: YungReek[/127.0.0.1:33144] logged in with entity id 469392 at ([world]-91.18632897211312, 63.0, -745.6458884247174)
[04:54:50] [User Authenticator #59/INFO]: UUID of player IEATPOLES is 6e077af3-affb-3827-a55d-eebb1e86b09f
[04:54:50] [Server thread/INFO]: IEATPOLES[/127.0.0.1:33266] logged in with entity id 470431 at ([world]-159.17458557970602, 70.0, -781.5115039583069)
[05:10:17] [Server thread/INFO]: nuttyfriutcake lost connection: Disconnected
[05:10:17] [Server thread/INFO]: nuttyfriutcake left the game
[05:10:20] [User Authenticator #60/INFO]: UUID of player nuttyfriutcake is be929b50-2f06-33a3-b78b-bffb43efcf53
[05:10:20] [Server thread/INFO]: nuttyfriutcake[/127.0.0.1:33534] logged in with entity id 476870 at ([world]-111.59793359104586, 63.0, -782.7828614167271)
[05:19:07] [Server thread/INFO]: IEATPOLES has made the advancement [We Need to Go Deeper]
[05:23:08] [Server thread/INFO]: YungReek lost connection: Disconnected
[05:23:08] [Server thread/INFO]: YungReek left the game
[05:25:02] [Server thread/INFO]: nuttyfriutcake has made the advancement [A Terrible Fortress]
[05:25:06] [Server thread/INFO]: xovnoc has made the advancement [A Terrible Fortress]
[05:25:19] [Server thread/INFO]: Quartz3b has made the advancement [A Terrible Fortress]
[05:25:20] [Server thread/INFO]: IEATPOLES has made the advancement [A Terrible Fortress]
[05:25:39] [Server thread/INFO]: xovnoc has made the advancement [Take Aim]
[05:25:50] [Server thread/INFO]: Quartz3b has made the advancement [Take Aim]
[05:26:32] [Async Chat Thread - #19/INFO]: <IEATPOLES> 5 \
[05:26:36] [Server thread/INFO]: IEATPOLES has made the advancement [Into Fire]
[05:29:16] [Server thread/INFO]: xovnoc has made the advancement [Into Fire]
[05:33:49] [Server thread/INFO]: nuttyfriutcake has made the advancement [Into Fire]
[05:48:21] [Server thread/WARN]: Horse moved wrongly!
[05:48:21] [Server thread/WARN]: Horse moved wrongly!
[05:48:27] [Server thread/WARN]: Horse moved wrongly!
[05:48:27] [Server thread/WARN]: Horse moved wrongly!
[05:48:31] [Server thread/WARN]: Horse moved wrongly!
[05:48:32] [Server thread/WARN]: Horse moved wrongly!
[05:48:32] [Server thread/WARN]: Horse moved wrongly!
[05:49:08] [Server thread/WARN]: Horse moved wrongly!
[05:49:08] [Server thread/WARN]: Horse moved wrongly!
[05:49:08] [Server thread/WARN]: Horse moved wrongly!
[05:49:08] [Server thread/WARN]: Horse moved wrongly!
[05:49:08] [Server thread/WARN]: Horse moved wrongly!
[05:49:08] [Server thread/WARN]: Horse moved wrongly!
[05:49:08] [Server thread/WARN]: Horse moved wrongly!
[05:49:26] [Server thread/WARN]: Horse moved wrongly!
[05:49:26] [Server thread/WARN]: Horse moved wrongly!
[05:49:27] [Server thread/WARN]: Horse moved wrongly!
[05:49:27] [Server thread/WARN]: Horse moved wrongly!
[05:49:27] [Server thread/WARN]: Horse moved wrongly!
[05:49:27] [Server thread/WARN]: Horse moved wrongly!
[05:49:27] [Server thread/WARN]: Horse moved wrongly!
[05:49:27] [Server thread/WARN]: Horse moved wrongly!
[05:49:27] [Server thread/WARN]: Horse moved wrongly!
[05:49:27] [Server thread/WARN]: Horse moved wrongly!
[05:49:28] [Server thread/WARN]: Horse moved wrongly!
[05:49:28] [Server thread/WARN]: Horse moved wrongly!
[05:50:08] [Server thread/WARN]: Horse moved wrongly!
[05:50:08] [Server thread/WARN]: Horse moved wrongly!
[05:50:30] [User Authenticator #61/INFO]: UUID of player YungReek is 4fb1254a-ecf4-3bd1-9744-3a5b4f50cc21
[05:50:30] [Server thread/INFO]: YungReek[/127.0.0.1:34482] logged in with entity id 489716 at ([world]-86.97854320355216, 63.0, -732.1466196097036)
[05:50:38] [Server thread/WARN]: Horse moved wrongly!
[05:50:38] [Server thread/WARN]: Horse moved wrongly!
[05:50:38] [Server thread/WARN]: Horse moved wrongly!
[05:50:38] [Server thread/WARN]: Horse moved wrongly!
[05:50:38] [Server thread/WARN]: Horse moved wrongly!
[05:50:38] [Server thread/WARN]: Horse moved wrongly!
[05:50:38] [Server thread/WARN]: Horse moved wrongly!
[05:51:23] [Server thread/WARN]: Horse moved wrongly!
[05:51:23] [Server thread/WARN]: Horse moved wrongly!
[05:51:23] [Server thread/WARN]: Horse moved wrongly!
[05:51:23] [Server thread/WARN]: Horse moved wrongly!
[05:55:38] [Server thread/WARN]: Horse moved wrongly!
[05:55:38] [Server thread/WARN]: Horse moved wrongly!
[05:55:38] [Server thread/WARN]: Horse moved wrongly!
[05:56:12] [Server thread/WARN]: Horse moved wrongly!
[05:56:12] [Server thread/WARN]: Horse moved wrongly!
[05:56:12] [Server thread/WARN]: Horse moved wrongly!
[05:56:12] [Server thread/WARN]: Horse moved wrongly!
[05:57:17] [Server thread/WARN]: Horse moved wrongly!
[05:57:17] [Server thread/WARN]: Horse moved wrongly!
[05:58:08] [Server thread/WARN]: Horse moved wrongly!
[05:58:08] [Server thread/WARN]: Horse moved wrongly!
[05:58:08] [Server thread/WARN]: Horse moved wrongly!
[05:59:11] [Server thread/INFO]: IEATPOLES lost connection: Disconnected
[05:59:11] [Server thread/INFO]: IEATPOLES left the game
[05:59:12] [Server thread/INFO]: xovnoc lost connection: Disconnected
[05:59:12] [Server thread/INFO]: xovnoc left the game
[05:59:16] [User Authenticator #62/INFO]: UUID of player xovnoc is ed7054a5-b1b3-370f-a2e8-e3f3f6d20cf1
[05:59:16] [Server thread/INFO]: xovnoc[/127.0.0.1:34724] logged in with entity id 495300 at ([world]-83.69824218750003, 74.8500000178814, -173.92151900433706)
[05:59:19] [User Authenticator #63/INFO]: UUID of player IEATPOLES is 6e077af3-affb-3827-a55d-eebb1e86b09f
[05:59:19] [Server thread/INFO]: IEATPOLES[/127.0.0.1:34726] logged in with entity id 495331 at ([world]-150.51249998807907, 73.11391586470488, -774.9549018456344)
[06:00:12] [Server thread/WARN]: Horse moved wrongly!
[06:00:12] [Server thread/WARN]: Horse moved wrongly!
[06:00:21] [Server thread/WARN]: Horse moved wrongly!
[06:00:21] [Server thread/WARN]: Horse moved wrongly!
[06:00:37] [Server thread/WARN]: Horse moved wrongly!
[06:00:37] [Server thread/WARN]: Horse moved wrongly!
[06:00:37] [Server thread/WARN]: Horse moved wrongly!
[06:00:38] [Server thread/WARN]: Horse moved wrongly!
[06:00:38] [Server thread/WARN]: Horse moved wrongly!
[06:00:38] [Server thread/WARN]: Horse moved wrongly!
[06:01:26] [Server thread/WARN]: Horse moved wrongly!
[06:01:26] [Server thread/WARN]: Horse moved wrongly!
[06:01:27] [Server thread/WARN]: Horse moved wrongly!
[06:01:27] [Server thread/WARN]: Horse moved wrongly!
[06:01:27] [Server thread/WARN]: Horse moved wrongly!
[06:01:27] [Server thread/WARN]: Horse moved wrongly!
[06:01:27] [Server thread/WARN]: Horse moved wrongly!
[06:01:39] [Server thread/WARN]: Horse moved wrongly!
[06:01:39] [Server thread/WARN]: Horse moved wrongly!
[06:03:51] [Server thread/WARN]: Horse moved wrongly!
[06:03:51] [Server thread/WARN]: Horse moved wrongly!
[06:03:51] [Server thread/WARN]: Horse moved wrongly!
[06:03:55] [Server thread/WARN]: Horse moved wrongly!
[06:03:55] [Server thread/WARN]: Horse moved wrongly!
[06:03:55] [Server thread/WARN]: Horse moved wrongly!
[06:03:56] [Server thread/WARN]: Horse moved wrongly!
[06:03:56] [Server thread/WARN]: Horse moved wrongly!
[06:04:38] [Server thread/WARN]: Horse moved wrongly!
[06:04:39] [Server thread/WARN]: Horse moved wrongly!
[06:05:12] [Server thread/WARN]: Horse moved wrongly!
[06:05:12] [Server thread/WARN]: Horse moved wrongly!
[06:05:12] [Server thread/WARN]: Horse moved wrongly!
[06:05:12] [Server thread/WARN]: Horse moved wrongly!
[06:05:12] [Server thread/WARN]: Horse moved wrongly!
[06:06:33] [Server thread/WARN]: Horse moved wrongly!
[06:06:33] [Server thread/WARN]: Horse moved wrongly!
[06:06:33] [Server thread/WARN]: Horse moved wrongly!
[06:06:39] [Server thread/WARN]: Horse moved wrongly!
[06:06:40] [Server thread/WARN]: Horse moved wrongly!
[06:06:40] [Server thread/WARN]: Horse moved wrongly!
[06:06:40] [Server thread/WARN]: Horse moved wrongly!
[06:06:40] [Server thread/WARN]: Horse moved wrongly!
[06:06:40] [Server thread/WARN]: Horse moved wrongly!
[06:06:40] [Server thread/WARN]: Horse moved wrongly!
[06:06:40] [Server thread/WARN]: Horse moved wrongly!
[06:06:40] [Server thread/WARN]: Horse moved wrongly!
[06:06:40] [Server thread/WARN]: Horse moved wrongly!
[06:06:40] [Server thread/WARN]: Horse moved wrongly!
[06:06:40] [Server thread/WARN]: Horse moved wrongly!
[06:06:40] [Server thread/WARN]: Horse moved wrongly!
[06:06:40] [Server thread/WARN]: Horse moved wrongly!
[06:06:40] [Server thread/WARN]: Horse moved wrongly!
[06:06:40] [Server thread/WARN]: Horse moved wrongly!
[06:06:47] [Server thread/WARN]: Horse moved wrongly!
[06:06:47] [Server thread/WARN]: Horse moved wrongly!
[06:07:48] [Server thread/WARN]: Horse moved wrongly!
[06:07:48] [Server thread/WARN]: Horse moved wrongly!
[06:07:48] [Server thread/WARN]: Horse moved wrongly!
[06:07:48] [Server thread/WARN]: Horse moved wrongly!
[06:07:48] [Server thread/WARN]: Horse moved wrongly!
[06:07:48] [Server thread/WARN]: Horse moved wrongly!
[06:07:48] [Server thread/WARN]: Horse moved wrongly!
[06:07:48] [Server thread/WARN]: Horse moved wrongly!
[06:07:48] [Server thread/WARN]: Horse moved wrongly!
[06:07:48] [Server thread/WARN]: Horse moved wrongly!
[06:07:48] [Server thread/WARN]: Horse moved wrongly!
[06:07:48] [Server thread/WARN]: Horse moved wrongly!
[06:07:48] [Server thread/WARN]: Horse moved wrongly!
[06:07:48] [Server thread/WARN]: Horse moved wrongly!
[06:07:48] [Server thread/WARN]: Horse moved wrongly!
[06:07:48] [Server thread/WARN]: Horse moved wrongly!
[06:07:48] [Server thread/WARN]: Horse moved wrongly!
[06:07:48] [Server thread/WARN]: Horse moved wrongly!
[06:08:18] [Server thread/WARN]: Horse moved wrongly!
[06:08:18] [Server thread/WARN]: Horse moved wrongly!
[06:08:18] [Server thread/WARN]: Horse moved wrongly!
[06:08:31] [Server thread/WARN]: Horse moved wrongly!
[06:08:31] [Server thread/WARN]: Horse moved wrongly!
[06:08:31] [Server thread/WARN]: Horse moved wrongly!
[06:10:08] [Server thread/WARN]: Horse moved wrongly!
[06:10:08] [Server thread/WARN]: Horse moved wrongly!
[06:16:14] [Async Chat Thread - #20/INFO]: <IEATPOLES> \
[06:16:20] [Server thread/INFO]: YungReek issued server command: /
[06:16:26] [Server thread/WARN]: Boat moved wrongly!
[06:16:26] [Server thread/WARN]: Boat moved wrongly!
[06:24:04] [Server thread/INFO]: xovnoc was slain by Drowned
[06:28:19] [Async Chat Thread - #21/INFO]: <YungReek> -41 87 -47
[06:35:38] [Server thread/INFO]: IEATPOLES fell from a high place
[06:36:30] [Server thread/WARN]: xovnoc moved too quickly! -9.959330163856734,-0.9247991098810573,1.3508941180525653
[06:42:27] [Server thread/WARN]: Skeleton Horse moved wrongly!
[06:42:27] [Server thread/WARN]: Skeleton Horse moved wrongly!
[06:42:27] [Server thread/WARN]: Skeleton Horse moved wrongly!
[06:48:16] [Server thread/INFO]: xovnoc fell from a high place
[06:48:32] [Async Chat Thread - #22/INFO]: <nuttyfriutcake> ur dead kid
[06:48:37] [User Authenticator #64/INFO]: UUID of player xshadows73 is 9fa8340e-046e-3ca1-aae6-dbef82fb83d5
[06:48:38] [Server thread/INFO]: xshadows73[/127.0.0.1:35774] logged in with entity id 523038 at ([world]-582.6399074806579, 81.0, -91.68882656462327)
[06:50:18] [Server thread/INFO]: IEATPOLES fell from a high place
[06:50:59] [Server thread/INFO]: nuttyfriutcake has made the advancement [Cover Me With Diamonds]
[06:51:25] [Server thread/WARN]: Horse moved wrongly!
[06:51:25] [Server thread/WARN]: Horse moved wrongly!
[06:53:26] [Server thread/INFO]: nuttyfriutcake has made the advancement [Enchanter]
[06:54:56] [Server thread/WARN]: Horse moved wrongly!
[06:54:56] [Server thread/WARN]: Horse moved wrongly!
[06:54:56] [Server thread/WARN]: Horse moved wrongly!
[07:17:03] [Server thread/INFO]: IEATPOLES fell from a high place
[07:19:20] [Server thread/INFO]: xshadows73 lost connection: Disconnected
[07:19:20] [Server thread/INFO]: xshadows73 left the game
[07:19:25] [Server thread/INFO]: Quartz3b was slain by Enderman
[07:24:33] [Server thread/INFO]: nuttyfriutcake fell from a high place
[07:24:35] [Server thread/INFO]: xovnoc fell from a high place
[07:36:00] [Server thread/WARN]: Horse moved wrongly!
[07:36:00] [Server thread/WARN]: Horse moved wrongly!
[07:36:00] [Server thread/WARN]: Horse moved wrongly!
[07:36:00] [Server thread/WARN]: Horse moved wrongly!
[07:36:00] [Server thread/WARN]: Horse moved wrongly!
[07:36:00] [Server thread/WARN]: Horse moved wrongly!
[07:36:00] [Server thread/WARN]: Horse moved wrongly!
[07:36:00] [Server thread/WARN]: Horse moved wrongly!
[07:36:00] [Server thread/WARN]: Horse moved wrongly!
[07:36:01] [Server thread/WARN]: Horse moved wrongly!
[07:37:46] [Server thread/WARN]: Horse moved wrongly!
[07:37:46] [Server thread/WARN]: Horse moved wrongly!
[07:42:12] [Server thread/WARN]: Horse moved wrongly!
[07:42:12] [Server thread/WARN]: Horse moved wrongly!
[07:42:12] [Server thread/WARN]: Horse moved wrongly!
[07:42:21] [Server thread/WARN]: Horse moved wrongly!
[07:42:21] [Server thread/WARN]: Horse moved wrongly!
[07:42:21] [Server thread/WARN]: Horse moved wrongly!
[07:42:21] [Server thread/WARN]: Horse moved wrongly!
[07:46:41] [Server thread/WARN]: Horse moved wrongly!
[07:46:41] [Server thread/WARN]: Horse moved wrongly!
[07:48:22] [Server thread/WARN]: Horse moved wrongly!
[07:48:22] [Server thread/WARN]: Horse moved wrongly!
[07:53:15] [Server thread/WARN]: Horse moved wrongly!
[07:55:40] [Server thread/INFO]: nuttyfriutcake lost connection: Disconnected
[07:55:40] [Server thread/INFO]: nuttyfriutcake left the game
[07:55:41] [Server thread/INFO]: xovnoc lost connection: Disconnected
[07:55:41] [Server thread/INFO]: xovnoc left the game
[07:55:43] [Server thread/INFO]: Quartz3b lost connection: Disconnected
[07:55:43] [Server thread/INFO]: Quartz3b left the game
[07:55:45] [Server thread/INFO]: IEATPOLES lost connection: Disconnected
[07:55:45] [Server thread/INFO]: IEATPOLES left the game
[07:56:04] [User Authenticator #65/INFO]: UUID of player Quartz3b is 66f1cf80-139c-3b2b-a048-f6c6974c54e0
[07:56:04] [Server thread/INFO]: Quartz3b[/127.0.0.1:37108] logged in with entity id 583301 at ([world]-96.84526028908158, 63.0, -782.3772293512944)
[07:56:05] [User Authenticator #66/INFO]: UUID of player nuttyfriutcake is be929b50-2f06-33a3-b78b-bffb43efcf53
[07:56:06] [Server thread/INFO]: nuttyfriutcake[/127.0.0.1:37110] logged in with entity id 583308 at ([world]-1331.6249026779622, 64.8500000178814, -1287.5622021751997)
[07:56:09] [User Authenticator #67/INFO]: UUID of player xovnoc is ed7054a5-b1b3-370f-a2e8-e3f3f6d20cf1
[07:56:09] [Server thread/INFO]: xovnoc[/127.0.0.1:37112] logged in with entity id 583561 at ([world]-84.30000001192093, 68.0, -696.612623508427)
[07:56:17] [Server thread/WARN]: Horse moved wrongly!
[07:56:17] [Server thread/WARN]: Horse moved wrongly!
[07:57:44] [User Authenticator #68/INFO]: UUID of player IEATPOLES is 6e077af3-affb-3827-a55d-eebb1e86b09f
[07:57:44] [Server thread/INFO]: IEATPOLES[/127.0.0.1:37194] logged in with entity id 584620 at ([world]-166.16845107814942, 63.0, -775.8999146305576)
[08:05:30] [Server thread/INFO]: Quartz3b fell from a high place
[08:09:28] [User Authenticator #69/INFO]: UUID of player the_Crobar is 08ca434c-a9a7-321d-a09a-ebc374c8211a
[08:09:28] [Server thread/INFO]: the_Crobar[/127.0.0.1:37358] logged in with entity id 590130 at ([world]-403.80362866007636, 62.0, -436.53482849734706)
[08:16:17] [Server thread/INFO]: the_Crobar fell from a high place
[08:16:24] [Async Chat Thread - #23/INFO]: <xovnoc> rip
[08:16:33] [Async Chat Thread - #23/INFO]: <YungReek> :'(
[08:16:57] [Async Chat Thread - #23/INFO]: <the_Crobar> :(
[08:19:37] [Server thread/INFO]: IEATPOLES was shot by Skeleton
[08:37:43] [Server thread/INFO]: xovnoc was slain by Spider
[08:40:10] [Server thread/INFO]: the_Crobar fell from a high place
[08:40:21] [Async Chat Thread - #24/INFO]: <IEATPOLES> rip
[08:40:26] [Async Chat Thread - #24/INFO]: <YungReek> :'(
[08:46:26] [User Authenticator #70/INFO]: UUID of player xshadows73 is 9fa8340e-046e-3ca1-aae6-dbef82fb83d5
[08:46:27] [Server thread/INFO]: xshadows73[/127.0.0.1:37944] logged in with entity id 611276 at ([world]-576.757173496999, 82.0, -89.98587373904047)
[08:50:04] [Server thread/WARN]: Horse moved wrongly!
[08:50:04] [Server thread/WARN]: Horse moved wrongly!
[08:50:04] [Server thread/WARN]: Horse moved wrongly!
[08:50:04] [Server thread/WARN]: Horse moved wrongly!
[08:50:04] [Server thread/WARN]: Horse moved wrongly!
[08:50:04] [Server thread/WARN]: Horse moved wrongly!
[08:50:04] [Server thread/WARN]: Horse moved wrongly!
[08:50:04] [Server thread/WARN]: Horse moved wrongly!
[08:50:04] [Server thread/WARN]: Horse moved wrongly!
[08:50:04] [Server thread/WARN]: Horse moved wrongly!
[08:50:04] [Server thread/WARN]: Horse moved wrongly!
[08:50:05] [Server thread/WARN]: Horse moved wrongly!
[08:51:46] [Server thread/INFO]: xshadows73 lost connection: Disconnected
[08:51:46] [Server thread/INFO]: xshadows73 left the game
[08:51:53] [Server thread/INFO]: Quartz3b lost connection: Disconnected
[08:51:53] [Server thread/INFO]: Quartz3b left the game
[08:52:02] [User Authenticator #71/INFO]: UUID of player Quartz3b is 66f1cf80-139c-3b2b-a048-f6c6974c54e0
[08:52:02] [Server thread/INFO]: Quartz3b[/127.0.0.1:38038] logged in with entity id 630737 at ([world]-97.43734937734338, 63.6139158647049, -779.4875000119209)
[08:52:12] [Async Chat Thread - #25/INFO]: <YungReek> yo crobar can u sleep
[08:52:20] [Async Chat Thread - #25/INFO]: <the_Crobar> yee
[08:52:26] [Async Chat Thread - #25/INFO]: <Quartz3b> Skeet
[08:52:27] [Async Chat Thread - #25/INFO]: <YungReek> lmk when in bed
[08:52:48] [Async Chat Thread - #25/INFO]: <the_Crobar> im in
[08:52:50] [Server thread/INFO]: xovnoc lost connection: Disconnected
[08:52:50] [Server thread/INFO]: xovnoc left the game
[08:52:50] [Server thread/INFO]: nuttyfriutcake lost connection: Disconnected
[08:52:50] [Server thread/INFO]: nuttyfriutcake left the game
[08:52:51] [Async Chat Thread - #25/INFO]: <IEATPOLES> homonculus
[08:52:53] [Server thread/INFO]: Quartz3b lost connection: Disconnected
[08:52:53] [Server thread/INFO]: Quartz3b left the game
[08:52:57] [User Authenticator #72/INFO]: UUID of player xovnoc is ed7054a5-b1b3-370f-a2e8-e3f3f6d20cf1
[08:52:57] [Server thread/INFO]: xovnoc[/127.0.0.1:38058] logged in with entity id 631366 at ([world]-53.51719782155386, 71.0, -673.4187029532235)
[08:52:59] [User Authenticator #73/INFO]: UUID of player Quartz3b is 66f1cf80-139c-3b2b-a048-f6c6974c54e0
[08:53:00] [Server thread/INFO]: Quartz3b[/127.0.0.1:38060] logged in with entity id 631391 at ([world]-97.4277839124426, 59.0, -779.8006464805997)
[08:53:00] [Async Chat Thread - #25/INFO]: <YungReek> tyty
[08:53:01] [User Authenticator #74/INFO]: UUID of player nuttyfriutcake is be929b50-2f06-33a3-b78b-bffb43efcf53
[08:53:02] [Server thread/INFO]: nuttyfriutcake[/127.0.0.1:38062] logged in with entity id 631504 at ([world]-424.0446838215241, 63.85000001788139, -940.6250714188168)
[08:53:04] [Async Chat Thread - #25/INFO]: <the_Crobar> np
[08:55:08] [Server thread/INFO]: the_Crobar lost connection: Disconnected
[08:55:08] [Server thread/INFO]: the_Crobar left the game
[09:08:32] [Server thread/WARN]: Horse moved wrongly!
[09:08:32] [Server thread/WARN]: Horse moved wrongly!
[09:08:44] [Server thread/INFO]: Quartz3b fell from a high place
[09:16:48] [Server thread/WARN]: Horse moved wrongly!
[09:16:48] [Server thread/WARN]: Horse moved wrongly!
[09:16:58] [Server thread/WARN]: Horse moved wrongly!
[09:16:58] [Server thread/WARN]: Horse moved wrongly!
[09:17:16] [Server thread/WARN]: Horse moved wrongly!
[09:17:16] [Server thread/WARN]: Horse moved wrongly!
[09:17:16] [Server thread/WARN]: Horse moved wrongly!
[09:18:33] [Server thread/WARN]: Horse moved wrongly!
[09:18:34] [Server thread/WARN]: Horse moved wrongly!
[09:19:07] [Async Chat Thread - #26/INFO]: <nuttyfriutcake> -551
[09:19:08] [Async Chat Thread - #26/INFO]: <nuttyfriutcake> -148
[09:19:52] [Server thread/WARN]: Horse moved wrongly!
[09:19:52] [Server thread/WARN]: Horse moved wrongly!
[09:19:53] [Server thread/WARN]: Horse moved wrongly!
[09:21:37] [Server thread/WARN]: Skeleton Horse moved wrongly!
[09:21:37] [Server thread/WARN]: Skeleton Horse moved wrongly!
[09:22:15] [Server thread/WARN]: Horse moved wrongly!
[09:22:15] [Server thread/WARN]: Horse moved wrongly!
[09:22:15] [Server thread/WARN]: Horse moved wrongly!
[09:22:15] [Server thread/WARN]: Horse moved wrongly!
[09:22:15] [Server thread/WARN]: Horse moved wrongly!
[09:22:15] [Server thread/WARN]: Horse moved wrongly!
[09:22:15] [Server thread/WARN]: Horse moved wrongly!
[09:22:15] [Server thread/WARN]: Horse moved wrongly!
[09:22:15] [Server thread/WARN]: Horse moved wrongly!
[09:26:02] [Server thread/WARN]: Horse moved wrongly!
[09:26:02] [Server thread/WARN]: Horse moved wrongly!
[09:27:08] [Server thread/WARN]: Horse moved wrongly!
[09:27:08] [Server thread/WARN]: Horse moved wrongly!
[09:27:08] [Server thread/WARN]: Horse moved wrongly!
[09:27:33] [Server thread/WARN]: Horse moved wrongly!
[09:27:33] [Server thread/WARN]: Horse moved wrongly!
[09:27:33] [Server thread/WARN]: Horse moved wrongly!
[09:27:37] [Server thread/WARN]: Horse moved wrongly!
[09:27:38] [Server thread/WARN]: Horse moved wrongly!
[09:30:03] [Server thread/WARN]: Horse moved wrongly!
[09:30:03] [Server thread/WARN]: Horse moved wrongly!
[09:30:03] [Server thread/WARN]: Horse moved wrongly!
[09:30:03] [Server thread/WARN]: Horse moved wrongly!
[09:30:03] [Server thread/WARN]: Horse moved wrongly!
[09:30:03] [Server thread/WARN]: Horse moved wrongly!
[09:30:07] [Server thread/WARN]: Horse moved wrongly!
[09:30:08] [Server thread/WARN]: Horse moved wrongly!
[09:30:08] [Server thread/WARN]: Horse moved wrongly!
[09:30:19] [Server thread/WARN]: Horse moved wrongly!
[09:30:19] [Server thread/WARN]: Horse moved wrongly!
[09:30:21] [Server thread/WARN]: Horse moved wrongly!
[09:30:22] [Server thread/WARN]: Horse moved wrongly!
[09:30:22] [Server thread/WARN]: Horse moved wrongly!
[09:30:22] [Server thread/WARN]: Horse moved wrongly!
[09:30:24] [Server thread/WARN]: Horse moved wrongly!
[09:30:24] [Server thread/WARN]: Horse moved wrongly!
[09:30:25] [Server thread/WARN]: Horse moved wrongly!
[09:30:25] [Server thread/WARN]: Horse moved wrongly!
[09:32:00] [Server thread/WARN]: Horse moved wrongly!
[09:32:00] [Server thread/WARN]: Horse moved wrongly!
[09:32:00] [Server thread/WARN]: Horse moved wrongly!
[09:32:00] [Server thread/WARN]: Horse moved wrongly!
[09:32:00] [Server thread/WARN]: Horse moved wrongly!
[09:32:00] [Server thread/WARN]: Horse moved wrongly!
[09:32:00] [Server thread/WARN]: Horse moved wrongly!
[09:32:00] [Server thread/WARN]: Horse moved wrongly!
[09:32:00] [Server thread/WARN]: Horse moved wrongly!
[09:32:00] [Server thread/WARN]: Horse moved wrongly!
[09:32:00] [Server thread/WARN]: Horse moved wrongly!
[09:32:00] [Server thread/WARN]: Horse moved wrongly!
[09:32:00] [Server thread/WARN]: Horse moved wrongly!
[09:32:00] [Server thread/WARN]: Horse moved wrongly!
[09:32:00] [Server thread/WARN]: Horse moved wrongly!
[09:32:01] [Server thread/WARN]: Horse moved wrongly!
[09:32:01] [Server thread/WARN]: Horse moved wrongly!
[09:32:01] [Server thread/WARN]: Horse moved wrongly!
[09:32:01] [Server thread/WARN]: Horse moved wrongly!
[09:32:01] [Server thread/WARN]: Horse moved wrongly!
[09:32:01] [Server thread/WARN]: Horse moved wrongly!
[09:32:01] [Server thread/WARN]: Horse moved wrongly!
[09:32:01] [Server thread/WARN]: Horse moved wrongly!
[09:32:01] [Server thread/WARN]: Horse moved wrongly!
[09:32:01] [Server thread/WARN]: Horse moved wrongly!
[09:32:01] [Server thread/WARN]: Horse moved wrongly!
[09:32:01] [Server thread/WARN]: Horse moved wrongly!
[09:32:01] [Server thread/WARN]: Horse moved wrongly!
[09:32:01] [Server thread/WARN]: Horse moved wrongly!
[09:32:01] [Server thread/WARN]: Horse moved wrongly!
[09:32:01] [Server thread/WARN]: Horse moved wrongly!
[09:32:16] [Server thread/WARN]: Horse moved wrongly!
[09:32:16] [Server thread/WARN]: Horse moved wrongly!
[09:32:16] [Server thread/WARN]: Horse moved wrongly!
[09:32:34] [Server thread/WARN]: Horse moved wrongly!
[09:32:34] [Server thread/WARN]: Horse moved wrongly!
[09:32:54] [Server thread/WARN]: Horse moved wrongly!
[09:32:54] [Server thread/WARN]: Horse moved wrongly!
[09:32:55] [Server thread/WARN]: Horse moved wrongly!
[09:35:20] [Server thread/WARN]: Horse moved wrongly!
[09:35:20] [Server thread/WARN]: Horse moved wrongly!
[09:35:20] [Server thread/WARN]: Horse moved wrongly!
[09:35:20] [Server thread/WARN]: Horse moved wrongly!
[09:37:42] [Server thread/WARN]: Horse moved wrongly!
[09:37:42] [Server thread/WARN]: Horse moved wrongly!
[09:37:42] [Server thread/WARN]: Horse moved wrongly!
[09:38:25] [Server thread/WARN]: Quartz3b was kicked for floating too long!
[09:38:25] [Server thread/INFO]: Quartz3b lost connection: Flying is not enabled on this server
[09:38:25] [Server thread/INFO]: Quartz3b left the game
[09:38:25] [Server thread/WARN]: handleDisconnection() called twice
[09:38:32] [User Authenticator #75/INFO]: UUID of player Quartz3b is 66f1cf80-139c-3b2b-a048-f6c6974c54e0
[09:38:32] [Server thread/INFO]: Quartz3b[/127.0.0.1:38726] logged in with entity id 669455 at ([world]-637.9888143828271, 75.03310780703816, -151.9486103628848)
[09:38:46] [Server thread/INFO]: YungReek lost connection: Disconnected
[09:38:46] [Server thread/INFO]: YungReek left the game
[09:40:21] [Server thread/WARN]: Horse moved wrongly!
[09:40:21] [Server thread/WARN]: Horse moved wrongly!
[09:40:27] [Server thread/WARN]: Horse moved wrongly!
[09:40:27] [Server thread/WARN]: Horse moved wrongly!
[09:40:30] [User Authenticator #76/INFO]: UUID of player catsinasippycup is 3ab72777-f4c9-3ac1-8bb8-bd236461513e
[09:40:30] [Server thread/INFO]: catsinasippycup[/127.0.0.1:38816] logged in with entity id 672035 at ([world]-135.6731833741866, 63.0, -750.6999999880791)
[09:40:33] [Server thread/WARN]: Horse moved wrongly!
[09:40:33] [Server thread/WARN]: Horse moved wrongly!
[09:40:33] [Server thread/WARN]: Horse moved wrongly!
[09:40:35] [User Authenticator #77/INFO]: UUID of player Zortwil is c94597c9-f9a6-3828-80f3-38dbd66e121c
[09:40:35] [Server thread/INFO]: Zortwil[/127.0.0.1:38822] logged in with entity id 672212 at ([world]-222.70928573909524, 60.5, -505.8271910068597)
[09:44:50] [Server thread/WARN]: Horse moved wrongly!
[09:44:50] [Server thread/WARN]: Horse moved wrongly!
[09:44:50] [Server thread/WARN]: Horse moved wrongly!
[09:45:23] [Server thread/INFO]: catsinasippycup has made the advancement [Diamonds!]
[09:46:20] [Server thread/INFO]: Zortwil lost connection: Disconnected
[09:46:20] [Server thread/INFO]: Zortwil left the game
[09:48:02] [Server thread/WARN]: Horse moved wrongly!
[09:48:02] [Server thread/WARN]: Horse moved wrongly!
[09:49:11] [Server thread/INFO]: catsinasippycup lost connection: Disconnected
[09:49:11] [Server thread/INFO]: catsinasippycup left the game
[09:49:54] [Server thread/WARN]: Horse moved wrongly!
[09:49:54] [Server thread/WARN]: Horse moved wrongly!
[09:52:54] [Server thread/WARN]: Horse moved wrongly!
[09:52:54] [Server thread/WARN]: Horse moved wrongly!
[09:52:54] [Server thread/WARN]: Horse moved wrongly!
[09:55:50] [Server thread/WARN]: Horse moved wrongly!
[09:55:50] [Server thread/WARN]: Horse moved wrongly!
[09:56:17] [Server thread/WARN]: Horse moved wrongly!
[09:56:17] [Server thread/WARN]: Horse moved wrongly!
[09:56:17] [Server thread/WARN]: Horse moved wrongly!
[09:56:17] [Server thread/WARN]: Horse moved wrongly!
[09:56:18] [Server thread/WARN]: Horse moved wrongly!
[09:56:18] [Server thread/WARN]: Horse moved wrongly!
[09:56:18] [Server thread/WARN]: Horse moved wrongly!
[09:56:18] [Server thread/WARN]: Horse moved wrongly!
[09:56:49] [Server thread/WARN]: Horse moved wrongly!
[09:56:49] [Server thread/WARN]: Horse moved wrongly!
[09:56:52] [Server thread/WARN]: Horse moved wrongly!
[09:56:52] [Server thread/WARN]: Horse moved wrongly!
[09:56:52] [Server thread/WARN]: Horse moved wrongly!
[10:03:46] [Server thread/INFO]: IEATPOLES lost connection: Disconnected
[10:03:46] [Server thread/INFO]: IEATPOLES left the game
[10:03:50] [User Authenticator #78/INFO]: UUID of player IEATPOLES is 6e077af3-affb-3827-a55d-eebb1e86b09f
[10:03:50] [Server thread/INFO]: IEATPOLES[/127.0.0.1:39152] logged in with entity id 686171 at ([world]-56.09737635006012, 63.0, -774.4251559179628)
[10:08:46] [Server thread/INFO]: Quartz3b lost connection: Disconnected
[10:08:46] [Server thread/INFO]: Quartz3b left the game
[10:08:52] [User Authenticator #79/INFO]: UUID of player Quartz3b is 66f1cf80-139c-3b2b-a048-f6c6974c54e0
[10:08:52] [Server thread/INFO]: Quartz3b[/127.0.0.1:39244] logged in with entity id 687117 at ([world]-95.45257455091742, 77.0, -783.5366299505486)
[10:15:06] [User Authenticator #80/INFO]: UUID of player ofccccccccc is 5ea4f0df-dc23-30b1-a8c6-93067f2efb1b
[10:15:07] [Server thread/INFO]: ofccccccccc[/127.0.0.1:39330] logged in with entity id 688707 at ([world]-54.83780277211899, 67.5, -758.9303613635904)
[10:15:17] [Async Chat Thread - #27/INFO]: <ofccccccccc> @alex i thought someone was using the plot in front of my house
[10:15:24] [Async Chat Thread - #27/INFO]: <nuttyfriutcake> stfu bitch
[10:15:30] [Async Chat Thread - #27/INFO]: <ofccccccccc> ya i think
[10:15:33] [Async Chat Thread - #27/INFO]: <nuttyfriutcake> ali
[10:15:35] [Async Chat Thread - #27/INFO]: <IEATPOLES> fuckin tards talking again omg
[10:15:41] [Async Chat Thread - #27/INFO]: <ofccccccccc> REEEEEEE
[10:15:46] [Async Chat Thread - #27/INFO]: <ofccccccccc> wait
[10:15:47] [Async Chat Thread - #27/INFO]: <ofccccccccc> rishabh
[10:15:49] [Async Chat Thread - #27/INFO]: <ofccccccccc> what kind of
[10:15:51] [Async Chat Thread - #27/INFO]: <ofccccccccc> spicy noodles
[10:15:51] [Async Chat Thread - #27/INFO]: <nuttyfriutcake> y u no talk
[10:15:57] [Async Chat Thread - #27/INFO]: <ofccccccccc> sam is drunk and asleep
[10:16:03] [Async Chat Thread - #27/INFO]: <ofccccccccc> and more pissy
[10:16:06] [Async Chat Thread - #27/INFO]: <ofccccccccc> trying to sleep
[10:16:10] [Async Chat Thread - #27/INFO]: <ofccccccccc> not asleep
[10:16:18] [Async Chat Thread - #27/INFO]: <ofccccccccc> wtf
[10:16:23] [Async Chat Thread - #27/INFO]: <ofccccccccc> ill eat ur ass nigger
[10:16:32] [Async Chat Thread - #27/INFO]: <ofccccccccc> i did have a roommate last year
[10:16:38] [Async Chat Thread - #27/INFO]: <ofccccccccc> he just slept in his gf's room
[10:16:44] [Async Chat Thread - #27/INFO]: <ofccccccccc> so i didnt have a rooomate
[10:16:56] [Async Chat Thread - #27/INFO]: <ofccccccccc> jarod
[10:16:57] [Async Chat Thread - #27/INFO]: <ofccccccccc> obviously
[10:17:05] [Async Chat Thread - #27/INFO]: <ofccccccccc> lmao
[10:17:15] [Async Chat Thread - #27/INFO]: <ofccccccccc> what are we doing
[10:17:25] [Async Chat Thread - #27/INFO]: <ofccccccccc> are we just building
[10:18:17] [Async Chat Thread - #27/INFO]: <ofccccccccc> mfw
[10:18:40] [Async Chat Thread - #27/INFO]: <ofccccccccc> jarod ur house is disgusting
[10:18:43] [Async Chat Thread - #27/INFO]: <ofccccccccc> ur dock is pretty nice tho
[10:18:49] [Async Chat Thread - #27/INFO]: <ofccccccccc> sheeeeeeeeeeeeeeit
[10:18:57] [Async Chat Thread - #27/INFO]: <ofccccccccc> it looks cool
[10:18:59] [Async Chat Thread - #27/INFO]: <ofccccccccc> it's not functional
[10:19:01] [Async Chat Thread - #27/INFO]: <ofccccccccc> but it looks ccocol
[10:19:03] [Async Chat Thread - #27/INFO]: <ofccccccccc> cool*
[10:19:47] [Async Chat Thread - #27/INFO]: <ofccccccccc> nice
[10:19:52] [Async Chat Thread - #27/INFO]: <ofccccccccc> i have a grass block
[10:19:54] [Async Chat Thread - #27/INFO]: <ofccccccccc> get fucked
[10:19:57] [Async Chat Thread - #27/INFO]: <ofccccccccc> randy
[10:20:00] [Async Chat Thread - #27/INFO]: <ofccccccccc> go put one in the nether
[10:20:03] [Async Chat Thread - #27/INFO]: <ofccccccccc> build dirt
[10:20:06] [Async Chat Thread - #27/INFO]: <ofccccccccc> build a farm in the nether
[10:20:09] [Async Chat Thread - #27/INFO]: <ofccccccccc> i think so
[10:20:23] [Async Chat Thread - #27/INFO]: <ofccccccccc> no
[10:20:28] [Async Chat Thread - #27/INFO]: <ofccccccccc> i didn't grab them
[10:20:31] [Async Chat Thread - #27/INFO]: <ofccccccccc> i only grabbed the fish
[10:20:40] [Async Chat Thread - #27/INFO]: <ofccccccccc> -1500 -2000
[10:20:43] [Async Chat Thread - #27/INFO]: <ofccccccccc> have fun
[10:20:54] [Async Chat Thread - #27/INFO]: <ofccccccccc> building
[10:21:00] [Async Chat Thread - #27/INFO]: <ofccccccccc> is someone playing music
[10:21:19] [Async Chat Thread - #27/INFO]: <ofccccccccc> mfw i had like 8 shots 10 m inutes ago
[10:21:22] [Async Chat Thread - #27/INFO]: <IEATPOLES> wtf
[10:21:31] [Async Chat Thread - #27/INFO]: <ofccccccccc> i immediately went back to the room
[10:21:34] [Async Chat Thread - #27/INFO]: <ofccccccccc> they went to sleep
[10:21:39] [Async Chat Thread - #27/INFO]: <ofccccccccc> cause they wanted to try the new am
[10:21:42] [Async Chat Thread - #27/INFO]: <ofccccccccc> it's hella nice
[10:21:45] [Async Chat Thread - #27/INFO]: <ofccccccccc> it doesnt taste like vodka
[10:21:49] [Async Chat Thread - #27/INFO]: <ofccccccccc> raspberry new am
[10:21:51] [Async Chat Thread - #27/INFO]: <ofccccccccc> is fire as f uck
[10:21:56] [Async Chat Thread - #27/INFO]: <ofccccccccc> yes it is
[10:21:57] [Async Chat Thread - #27/INFO]: <ofccccccccc> raspberry
[10:21:59] [Async Chat Thread - #27/INFO]: <ofccccccccc> not peachc
[10:22:03] [Async Chat Thread - #27/INFO]: <IEATPOLES> wtf
[10:22:09] [Async Chat Thread - #27/INFO]: <IEATPOLES> amstersuckthiscock
[10:22:17] [Server thread/INFO]: Quartz3b lost connection: Disconnected
[10:22:17] [Server thread/INFO]: Quartz3b left the game
[10:22:35] [Async Chat Thread - #27/INFO]: <ofccccccccc> im building
[10:22:37] [Async Chat Thread - #27/INFO]: <ofccccccccc> let me see
[10:22:39] [Async Chat Thread - #27/INFO]: <ofccccccccc> where it is
[10:22:48] [Async Chat Thread - #27/INFO]: <ofccccccccc> wtff
[10:22:54] [Async Chat Thread - #27/INFO]: <ofccccccccc> randy what
[10:23:05] [Async Chat Thread - #27/INFO]: <ofccccccccc> i have ender pearls
[10:23:06] [Async Chat Thread - #27/INFO]: <ofccccccccc> pearl
[10:23:11] [Async Chat Thread - #27/INFO]: <ofccccccccc> i have one
[10:23:14] [Async Chat Thread - #27/INFO]: <ofccccccccc> how do you make an eye
[10:23:18] [Async Chat Thread - #27/INFO]: <ofccccccccc> yes
[10:23:31] [Async Chat Thread - #27/INFO]: <ofccccccccc> ya
[10:23:37] [Async Chat Thread - #27/INFO]: <ofccccccccc> ya i know u found it
[10:23:38] [Async Chat Thread - #27/INFO]: <ofccccccccc> i was there
[10:23:45] [Async Chat Thread - #27/INFO]: <ofccccccccc> i wasn't in the nether
[10:23:47] [Async Chat Thread - #27/INFO]: <ofccccccccc> i was online
[10:23:52] [Async Chat Thread - #27/INFO]: <ofccccccccc> i was there when alex found it
[10:23:59] [Async Chat Thread - #27/INFO]: <ofccccccccc> ya i left
[10:24:03] [Async Chat Thread - #27/INFO]: <ofccccccccc> apparently tomorrow's hazing is
[10:24:08] [Async Chat Thread - #27/INFO]: <ofccccccccc> take a shot or answer a technical question
[10:24:16] [Async Chat Thread - #27/INFO]: <ofccccccccc> ik
[10:24:21] [Async Chat Thread - #27/INFO]: <ofccccccccc> everyone just takes the shots
[10:24:31] [Async Chat Thread - #27/INFO]: <ofccccccccc> wtf are you doing LMAO
[10:24:41] [Async Chat Thread - #27/INFO]: <ofccccccccc> is that a piston
[10:24:46] [Async Chat Thread - #27/INFO]: <ofccccccccc> do u want a sticky piston
[10:24:57] [Async Chat Thread - #27/INFO]: <ofccccccccc> ok
[10:25:01] [Async Chat Thread - #27/INFO]: <ofccccccccc> i do
[10:25:03] [Async Chat Thread - #27/INFO]: <ofccccccccc> what do you want
[10:25:04] [Async Chat Thread - #27/INFO]: <IEATPOLES> tryna stick my piston in u
[10:25:08] [Async Chat Thread - #27/INFO]: <ofccccccccc> i didnt
[10:25:10] [Async Chat Thread - #27/INFO]: <ofccccccccc> what do you wnat
[10:25:12] [Async Chat Thread - #27/INFO]: <ofccccccccc> it for
[10:25:15] [Async Chat Thread - #27/INFO]: <ofccccccccc> i hav elik e 20
[10:25:19] [Async Chat Thread - #27/INFO]: <ofccccccccc> helmet
[10:25:28] [Async Chat Thread - #27/INFO]: <ofccccccccc> i have a clock
[10:25:33] [Async Chat Thread - #27/INFO]: <ofccccccccc> here
[10:25:35] [Async Chat Thread - #27/INFO]: <ofccccccccc> no i didnt
[10:25:36] [Async Chat Thread - #27/INFO]: <ofccccccccc> i have 16
[10:25:41] [Async Chat Thread - #27/INFO]: <ofccccccccc> here's all my gold
[10:25:47] [Async Chat Thread - #27/INFO]: <ofccccccccc> wya
[10:26:00] [Async Chat Thread - #27/INFO]: <ofccccccccc> didnt h ave enough armor
[10:26:03] [Async Chat Thread - #27/INFO]: <ofccccccccc> iron
[10:26:10] [Async Chat Thread - #27/INFO]: <ofccccccccc> alex is this your house
[10:26:18] [Async Chat Thread - #27/INFO]: <ofccccccccc> wool and wood
[10:26:25] [Async Chat Thread - #27/INFO]: <ofccccccccc> who's house is this
[10:26:27] [Async Chat Thread - #27/INFO]: <ofccccccccc> whose
[10:26:35] [Async Chat Thread - #27/INFO]: <ofccccccccc> nigga wtf u have two houses
[10:26:39] [Async Chat Thread - #27/INFO]: <ofccccccccc> >reading
[10:26:47] [Async Chat Thread - #27/INFO]: <ofccccccccc> pressure plate rigged
[10:26:54] [Async Chat Thread - #27/INFO]: <ofccccccccc> ur so aids lmfao
[10:27:03] [Async Chat Thread - #27/INFO]: <ofccccccccc> randy do u know what level respiration is
[10:27:08] [Async Chat Thread - #27/INFO]: <ofccccccccc> im level 20
[10:27:17] [Async Chat Thread - #27/INFO]: <ofccccccccc> did u enchant it?
[10:27:19] [Async Chat Thread - #27/INFO]: <ofccccccccc> i thought you found it
[10:27:27] [Async Chat Thread - #27/INFO]: <ofccccccccc> ok and it was 30
[10:27:28] [Async Chat Thread - #27/INFO]: <ofccccccccc> ?
[10:27:34] [Async Chat Thread - #27/INFO]: <ofccccccccc> ok
[10:27:38] [Async Chat Thread - #27/INFO]: <ofccccccccc> should i enchant a diamond helmet
[10:27:41] [Async Chat Thread - #27/INFO]: <ofccccccccc> how many diamonds do you have
[10:27:43] [Async Chat Thread - #27/INFO]: <ofccccccccc> i only have 5 left
[10:27:43] [Server thread/INFO]: xovnoc lost connection: Disconnected
[10:27:43] [Server thread/INFO]: xovnoc left the game
[10:27:52] [Async Chat Thread - #27/INFO]: <ofccccccccc> do u have enough for a full set
[10:27:59] [Async Chat Thread - #27/INFO]: <ofccccccccc> xray ass nigga
[10:28:07] [Async Chat Thread - #27/INFO]: <ofccccccccc> who tf reads t he logs
[10:28:09] [Async Chat Thread - #27/INFO]: <ofccccccccc> nobody reads logs
[10:28:11] [Async Chat Thread - #27/INFO]: <ofccccccccc> ur chilling
[10:28:18] [Async Chat Thread - #27/INFO]: <ofccccccccc> ya and he doesnt read logs
[10:28:21] [Async Chat Thread - #27/INFO]: <nuttyfriutcake> who has xray
[10:28:22] [Async Chat Thread - #27/INFO]: <nuttyfriutcake> idiot
[10:28:22] [Async Chat Thread - #27/INFO]: <IEATPOLES> inb4
[10:28:23] [Async Chat Thread - #27/INFO]: <ofccccccccc> who the fuck goes through the effort
[10:28:29] [Async Chat Thread - #27/INFO]: <ofccccccccc> y'all are nigger
[10:28:35] [Async Chat Thread - #27/INFO]: <ofccccccccc> mfw
[10:28:41] [Async Chat Thread - #27/INFO]: <ofccccccccc> it's like a one sided convo
[10:28:44] [Async Chat Thread - #27/INFO]: <ofccccccccc> cause nobody else is typing
[10:28:51] [Async Chat Thread - #27/INFO]: <ofccccccccc> water on lava
[10:28:56] [Async Chat Thread - #27/INFO]: <ofccccccccc> water on lava is obsidian
[10:29:00] [Async Chat Thread - #27/INFO]: <ofccccccccc> lava on water is cobble
[10:29:02] [Async Chat Thread - #27/INFO]: <ofccccccccc> i think
[10:29:13] [Async Chat Thread - #27/INFO]: <ofccccccccc> fuck you
[10:29:17] [Async Chat Thread - #27/INFO]: <ofccccccccc> water on lava is obsidian
[10:29:23] [Async Chat Thread - #27/INFO]: <ofccccccccc> if you put a bucket near lava it's obsid
[10:30:03] [Async Chat Thread - #27/INFO]: <ofccccccccc> i dont treasure anything
[10:30:06] [Async Chat Thread - #27/INFO]: <ofccccccccc> i have nothing to hide anymore
[10:30:10] [Async Chat Thread - #27/INFO]: <ofccccccccc> i only have like 5 diamonds
[10:30:13] [Async Chat Thread - #27/INFO]: <ofccccccccc> ura NIGGER
[10:30:28] [Async Chat Thread - #27/INFO]: <ofccccccccc> i withheld like 9 diamonds
[10:30:31] [Async Chat Thread - #27/INFO]: <ofccccccccc> i needed pickaxes
[10:30:39] [Async Chat Thread - #27/INFO]: <ofccccccccc> I have nothing to steal
[10:30:42] [Async Chat Thread - #27/INFO]: <ofccccccccc> can u cop med iamonds
[10:30:45] [Async Chat Thread - #27/INFO]: <ofccccccccc> ill give u ender pearl
[10:30:56] [Async Chat Thread - #27/INFO]: <ofccccccccc> i only have 1 pearl
[10:30:58] [Async Chat Thread - #27/INFO]: <ofccccccccc> im building r edstone
[10:31:11] [Async Chat Thread - #27/INFO]: <ofccccccccc> redstone is the o nly reason i play minecraft
[10:31:26] [Async Chat Thread - #27/INFO]: <ofccccccccc> why the FUCK do u think im doing CSC
[10:31:28] [Async Chat Thread - #27/INFO]: <ofccccccccc> CS
[10:31:33] [Async Chat Thread - #27/INFO]: <ofccccccccc> wtf is that sound
[10:31:36] [Async Chat Thread - #27/INFO]: <ofccccccccc> rishabh are u good
[10:31:42] [Async Chat Thread - #27/INFO]: <ofccccccccc> u sound like yakking
[10:31:48] [Async Chat Thread - #27/INFO]: <ofccccccccc> r u good
[10:31:49] [Async Chat Thread - #27/INFO]: <ofccccccccc> ok
[10:31:51] [Async Chat Thread - #27/INFO]: <ofccccccccc> dont die
[10:31:51] [Async Chat Thread - #27/INFO]: <ofccccccccc> pls
[10:31:57] [Async Chat Thread - #27/INFO]: <ofccccccccc> sam had 1 beer and he's passed out
[10:32:01] [Async Chat Thread - #27/INFO]: <ofccccccccc> he's such a bithc
[10:32:03] [Async Chat Thread - #27/INFO]: <ofccccccccc> i swear to god
[10:32:09] [Async Chat Thread - #27/INFO]: <ofccccccccc> no i just like people not dying
[10:32:12] [Async Chat Thread - #27/INFO]: <ofccccccccc> yes
[10:32:22] [Async Chat Thread - #27/INFO]: <ofccccccccc> ok nigga mute urself
[10:32:23] [Async Chat Thread - #27/INFO]: <ofccccccccc> this is so aids
[10:32:24] [Async Chat Thread - #27/INFO]: <ofccccccccc> i hate this
[10:32:29] [Async Chat Thread - #27/INFO]: <ofccccccccc> I KNOW
[10:32:33] [Async Chat Thread - #27/INFO]: <ofccccccccc> BUT ITS SO YAKK SOUNDING
[10:32:37] [Async Chat Thread - #27/INFO]: <ofccccccccc> STOP YAKKING
[10:32:44] [Async Chat Thread - #27/INFO]: <ofccccccccc> U UTTER FIEND
[10:33:03] [Async Chat Thread - #27/INFO]: <IEATPOLES> stfu batteries included looking ass
[10:33:07] [Async Chat Thread - #27/INFO]: <IEATPOLES> deviant scumbag
[10:33:33] [Async Chat Thread - #27/INFO]: <ofccccccccc> can i have some
[10:33:39] [Async Chat Thread - #27/INFO]: <ofccccccccc> BATTERIES INCLUDED LOOKING ASS
[10:33:42] [Async Chat Thread - #27/INFO]: <ofccccccccc> WHAT THE AIDS DOES THAT MEAN
[10:33:52] [Async Chat Thread - #27/INFO]: <ofccccccccc> does anyone have stone
[10:33:56] [Async Chat Thread - #27/INFO]: <ofccccccccc> i want a button
[10:34:02] [Async Chat Thread - #27/INFO]: <ofccccccccc> can u give me a button
[10:34:11] [Async Chat Thread - #27/INFO]: <ofccccccccc> ffuck u
[10:34:14] [Async Chat Thread - #27/INFO]: <ofccccccccc> can i get button
[10:34:20] [Async Chat Thread - #27/INFO]: <ofccccccccc> rish wqya
[10:34:21] [Async Chat Thread - #27/INFO]: <ofccccccccc> wya
[10:34:32] [Async Chat Thread - #27/INFO]: <ofccccccccc> where is it
[10:34:55] [Async Chat Thread - #27/INFO]: <ofccccccccc> am inside
[10:35:02] [Async Chat Thread - #27/INFO]: <ofccccccccc> ur monstrosity
[10:35:07] [Async Chat Thread - #27/INFO]: <ofccccccccc> looking for stone
[10:35:18] [Async Chat Thread - #27/INFO]: <ofccccccccc> gib
[10:35:26] [Async Chat Thread - #27/INFO]: <ofccccccccc> i dont have
[10:35:31] [Async Chat Thread - #27/INFO]: <ofccccccccc> i dotnw ant to waste coal
[10:35:39] [Async Chat Thread - #27/INFO]: <ofccccccccc> yes
[10:35:42] [Async Chat Thread - #27/INFO]: <ofccccccccc> can i have 1
[10:35:45] [Async Chat Thread - #27/INFO]: <ofccccccccc> i need ONE stone
[10:35:57] [Async Chat Thread - #27/INFO]: <ofccccccccc> why waste coal ffor 1 stone
[10:36:07] [Async Chat Thread - #27/INFO]: <ofccccccccc> am in mineshaft
[10:36:08] [Async Chat Thread - #27/INFO]: <ofccccccccc> wya
[10:36:14] [Async Chat Thread - #27/INFO]: <ofccccccccc> at bottom
[10:36:25] [Async Chat Thread - #27/INFO]: <ofccccccccc> bedrock
[10:36:36] [Async Chat Thread - #27/INFO]: <ofccccccccc> bruh fuck it's hitting me
[10:36:42] [Async Chat Thread - #27/INFO]: <ofccccccccc> sheeeeit
[10:36:49] [Async Chat Thread - #27/INFO]: <ofccccccccc> also do u see the multiple spider spawneers
[10:36:52] [Async Chat Thread - #27/INFO]: <ofccccccccc> spawners
[10:36:55] [Async Chat Thread - #27/INFO]: <ofccccccccc> we found 4
[10:36:58] [Async Chat Thread - #27/INFO]: <ofccccccccc> ill lead u to them
[10:37:01] [Async Chat Thread - #27/INFO]: <ofccccccccc> i think i know where theya re
[10:37:04] [Async Chat Thread - #27/INFO]: <ofccccccccc> no dont
[10:37:06] [Async Chat Thread - #27/INFO]: <ofccccccccc> i dont think u can
[10:37:12] [Async Chat Thread - #27/INFO]: <ofccccccccc> come here
[10:37:37] [Async Chat Thread - #27/INFO]: <ofccccccccc> FIEND
[10:38:02] [Async Chat Thread - #27/INFO]: <ofccccccccc> ok follo
[10:38:10] [Async Chat Thread - #27/INFO]: <ofccccccccc> alex knows where it is
[10:38:13] [Async Chat Thread - #27/INFO]: <ofccccccccc> i dont remember exactly
[10:38:25] [Async Chat Thread - #27/INFO]: <ofccccccccc> chceater
[10:38:27] [Async Chat Thread - #27/INFO]: <ofccccccccc> cheater
[10:38:30] [Async Chat Thread - #27/INFO]: <ofccccccccc> RISHABH CAN U STOP
[10:38:32] [Async Chat Thread - #27/INFO]: <ofccccccccc> HICCUPPING
[10:38:41] [Async Chat Thread - #27/INFO]: <ofccccccccc> drink water
[10:38:44] [Async Chat Thread - #27/INFO]: <ofccccccccc> literally chug like
[10:38:46] [Async Chat Thread - #27/INFO]: <ofccccccccc> 3 cups of water
[10:38:48] [Async Chat Thread - #27/INFO]: <ofccccccccc> in 10 seconds
[10:38:50] [Async Chat Thread - #27/INFO]: <ofccccccccc> nigga im srs
[10:38:53] [Async Chat Thread - #27/INFO]: <ofccccccccc> literally just chug water
[10:38:58] [Async Chat Thread - #27/INFO]: <ofccccccccc> it'll go away iff u chug
[10:39:10] [Async Chat Thread - #27/INFO]: <ofccccccccc> ILL CHUG ALL THE CCOCKS IF U STOP HICCUPPING
[10:39:19] [Async Chat Thread - #27/INFO]: <ofccccccccc> U MASSIVE AIDS
[10:39:21] [Async Chat Thread - #27/INFO]: <ofccccccccc> THANHK YOU
[10:39:31] [Async Chat Thread - #27/INFO]: <ofccccccccc> wdym i solved the p roblem
[10:39:36] [Async Chat Thread - #27/INFO]: <ofccccccccc> yes
[10:39:46] [Async Chat Thread - #27/INFO]: <ofccccccccc> ya but it worked
[10:39:56] [Async Chat Thread - #27/INFO]: <ofccccccccc> i do not associate with niggers
[10:40:01] [Async Chat Thread - #27/INFO]: <ofccccccccc> yes
[10:40:13] [Async Chat Thread - #27/INFO]: <ofccccccccc> randy wdyt of my house
[10:40:20] [Async Chat Thread - #27/INFO]: <ofccccccccc> lmao
[10:40:22] [Async Chat Thread - #27/INFO]: <ofccccccccc> randy
[10:40:24] [Async Chat Thread - #27/INFO]: <ofccccccccc> what do u think of house
[10:40:34] [Async Chat Thread - #27/INFO]: <ofccccccccc> my house is pretty fire
[10:40:38] [Async Chat Thread - #27/INFO]: <ofccccccccc> what sid
[10:40:40] [Async Chat Thread - #27/INFO]: <ofccccccccc> side
[10:40:47] [Async Chat Thread - #27/INFO]: <ofccccccccc> i dont know where rishabh's house is
[10:40:55] [Async Chat Thread - #27/INFO]: <ofccccccccc> where?
[10:41:01] [Async Chat Thread - #27/INFO]: <ofccccccccc> THIS AIDS PILLAR THING
[10:41:05] [Async Chat Thread - #27/INFO]: <ofccccccccc> IS THIS RISHABHS HOUSE
[10:41:15] [Async Chat Thread - #27/INFO]: <ofccccccccc> ITS HELLA UGLY
[10:41:25] [Async Chat Thread - #27/INFO]: <ofccccccccc> isn't this Ali's plot rishabh
[10:41:33] [Async Chat Thread - #27/INFO]: <ofccccccccc> bruhhhhhhhhhhhhhhh
[10:41:36] [Async Chat Thread - #27/INFO]: <ofccccccccc> ur so aids
[10:41:39] [Async Chat Thread - #27/INFO]: <ofccccccccc> we HAVE SO MUCH COBBLE
[10:41:43] [Async Chat Thread - #27/INFO]: <ofccccccccc> WHY DID U JEW ALIS
[10:41:50] [Async Chat Thread - #27/INFO]: <ofccccccccc> ye but WHY
[10:41:58] [Async Chat Thread - #27/INFO]: <ofccccccccc> bottom right chest house
[10:42:38] [Async Chat Thread - #27/INFO]: <IEATPOLES> murder on my mind
[10:42:50] [Async Chat Thread - #27/INFO]: <ofccccccccc> what
[10:42:55] [Async Chat Thread - #27/INFO]: <ofccccccccc> did u ffind it
[10:42:56] [Async Chat Thread - #27/INFO]: <ofccccccccc> yes
[10:42:59] [Async Chat Thread - #27/INFO]: <ofccccccccc> it's so small
[10:43:08] [Async Chat Thread - #27/INFO]: <ofccccccccc> show me
[10:43:13] [Async Chat Thread - #27/INFO]: <ofccccccccc> im making a basement
[10:43:21] [Async Chat Thread - #27/INFO]: <ofccccccccc> which house
[10:43:31] [Async Chat Thread - #27/INFO]: <ofccccccccc> small house or big house
[10:43:38] [Async Chat Thread - #27/INFO]: <ofccccccccc> o
[10:43:43] [Async Chat Thread - #27/INFO]: <ofccccccccc> wtf i didnt know u built a second one
[10:44:12] [Async Chat Thread - #27/INFO]: <ofccccccccc> can u chill
[10:44:15] [Async Chat Thread - #27/INFO]: <ofccccccccc> i know how to kill creepers
[10:44:24] [Async Chat Thread - #27/INFO]: <ofccccccccc> magic?
[10:44:26] [Async Chat Thread - #27/INFO]: <ofccccccccc> this is just a basement
[10:44:31] [Async Chat Thread - #27/INFO]: <ofccccccccc> with chests
[10:44:35] [Async Chat Thread - #27/INFO]: <ofccccccccc> >underground stable
[10:44:46] [Async Chat Thread - #27/INFO]: <ofccccccccc> put one in the communal house
[10:44:54] [Async Chat Thread - #27/INFO]: <ofccccccccc> put this s hit in the communal house
[10:44:58] [Async Chat Thread - #27/INFO]: <ofccccccccc> not in urb asement u susass
[10:45:04] [Async Chat Thread - #27/INFO]: <ofccccccccc> put one brewing stand in it too
[10:45:09] [Async Chat Thread - #27/INFO]: <ofccccccccc> diamonds u susass
[10:45:12] [Async Chat Thread - #27/INFO]: <ofccccccccc> gib diamond
[10:45:21] [Async Chat Thread - #27/INFO]: <ofccccccccc> no
[10:45:22] [Async Chat Thread - #27/INFO]: <ofccccccccc> i only got 1
[10:45:27] [Async Chat Thread - #27/INFO]: <ofccccccccc> i got the grassblock ffrom an enderman
[10:45:37] [Async Chat Thread - #27/INFO]: <ofccccccccc> stack
[10:45:41] [Async Chat Thread - #27/INFO]: <ofccccccccc> > or <
[10:45:44] [Async Chat Thread - #27/INFO]: <ofccccccccc> like 40
[10:45:52] [Async Chat Thread - #27/INFO]: <ofccccccccc> ok i wasnt off by much
[10:46:01] [Async Chat Thread - #27/INFO]: <ofccccccccc> i haev 3 books
[10:46:05] [Async Chat Thread - #27/INFO]: <ofccccccccc> can i get 1 bookshelf
[10:46:11] [Async Chat Thread - #27/INFO]: <ofccccccccc> for deco
[10:46:20] [Async Chat Thread - #27/INFO]: <ofccccccccc> no i have 1 book and hella paper
[10:46:22] [Async Chat Thread - #27/INFO]: <ofccccccccc> no leather
[10:46:30] [Async Chat Thread - #27/INFO]: <ofccccccccc> thanks bb
[10:47:25] [Async Chat Thread - #27/INFO]: <ofccccccccc> wait
[10:47:29] [Async Chat Thread - #27/INFO]: <ofccccccccc> whose house is this
[10:47:30] [Async Chat Thread - #27/INFO]: <ofccccccccc> next to mine
[10:47:32] [Async Chat Thread - #27/INFO]: <ofccccccccc> my old one
[10:47:38] [Async Chat Thread - #27/INFO]: <ofccccccccc> who cocpied like
[10:47:40] [Async Chat Thread - #27/INFO]: <ofccccccccc> 50 banners
[10:48:11] [Async Chat Thread - #27/INFO]: <ofccccccccc> wtf
[10:48:12] [Async Chat Thread - #27/INFO]: <ofccccccccc> it's 3
[10:48:38] [Async Chat Thread - #27/INFO]: <ofccccccccc> >fort shagg
[10:48:55] [Async Chat Thread - #27/INFO]: <ofccccccccc> this is so degenerate
[10:49:23] [Server thread/INFO]: ofccccccccc was slain by Enderman
[10:49:45] [Async Chat Thread - #27/INFO]: <ofccccccccc> NEXT TO ALEXS FORTRESS
[10:49:53] [Async Chat Thread - #27/INFO]: <ofccccccccc> ENDERMAN 1hP
[10:52:22] [Server thread/WARN]: Horse moved wrongly!
[10:52:23] [Server thread/WARN]: Horse moved wrongly!
[10:52:23] [Server thread/WARN]: Horse moved wrongly!
[10:52:23] [Server thread/WARN]: Horse moved wrongly!
[10:57:33] [Async Chat Thread - #28/INFO]: <ofccccccccc> where the ass is my iron
[10:57:45] [Async Chat Thread - #28/INFO]: <ofccccccccc> some nigger stole all my iron
[10:57:47] [Async Chat Thread - #28/INFO]: <ofccccccccc> wtf
[10:57:54] [Async Chat Thread - #28/INFO]: <ofccccccccc> give me iron you stupid jew
[10:58:04] [Async Chat Thread - #28/INFO]: <ofccccccccc> i need shears
[10:58:06] [Async Chat Thread - #28/INFO]: <ofccccccccc> give me wool
[10:58:09] [Async Chat Thread - #28/INFO]: <ofccccccccc> or give me iron
[10:58:17] [Async Chat Thread - #28/INFO]: <ofccccccccc> HE SWOOPED MY IRON
[10:58:25] [Async Chat Thread - #28/INFO]: <ofccccccccc> HANDOUT?
[10:58:28] [Async Chat Thread - #28/INFO]: <ofccccccccc> THIS RETARD SWOOPED MY IRON
[10:58:33] [Async Chat Thread - #28/INFO]: <ofccccccccc> nigga im gonna fucking slaughter you
[10:58:40] [Async Chat Thread - #28/INFO]: <ofccccccccc> give me the iron
[10:58:54] [Async Chat Thread - #28/INFO]: <ofccccccccc> if it's less than 5 im going to kill you
[10:59:11] [Async Chat Thread - #28/INFO]: <ofccccccccc> I HAD 20 IRON
[10:59:13] [Async Chat Thread - #28/INFO]: <ofccccccccc> I HAVE 0 NOW
[10:59:20] [Async Chat Thread - #28/INFO]: <ofccccccccc> ITS MORE THAN 0
[10:59:26] [Async Chat Thread - #28/INFO]: <ofccccccccc> someone did because now i have 0
[10:59:34] [Async Chat Thread - #28/INFO]: <ofccccccccc> dont call me pissy you jewish ccunt you stole all my iron
[10:59:44] [Async Chat Thread - #28/INFO]: <ofccccccccc> i cant make diamond shears
[10:59:51] [Async Chat Thread - #28/INFO]: <ofccccccccc> GIVE ME IRON
[11:01:01] [Async Chat Thread - #29/INFO]: <ofccccccccc> u retards cant swoop my iron and then get mad at me for needing iron
[11:01:05] [Async Chat Thread - #29/INFO]: <ofccccccccc> i had enough iron for myself
[11:01:08] [Async Chat Thread - #29/INFO]: <ofccccccccc> I EVEN HADS OME IN THE FURNACE
[11:01:12] [Async Chat Thread - #29/INFO]: <ofccccccccc> AND THERES NONE LEFT
[11:01:18] [Async Chat Thread - #29/INFO]: <ofccccccccc> THERE WAS 10 ORE IN A FURNACEC
[11:01:21] [Async Chat Thread - #29/INFO]: <ofccccccccc> AND NOW THERE'S NONE
[11:01:22] [Async Chat Thread - #29/INFO]: <IEATPOLES> WIUHAHSUDFAUSHGFAF
[11:01:25] [Async Chat Thread - #29/INFO]: <ofccccccccc> YOU GUYS ARE JEWISH
[11:01:26] [Async Chat Thread - #29/INFO]: <IEATPOLES> HURRRRRR
[11:01:33] [Async Chat Thread - #29/INFO]: <ofccccccccc> "communal society
[11:01:34] [Async Chat Thread - #29/INFO]: <ofccccccccc> """"
[11:01:37] [Async Chat Thread - #29/INFO]: <ofccccccccc> """"""""""""""""""""""""""""
[11:02:10] [Server thread/WARN]: Horse moved wrongly!
[11:02:21] [Async Chat Thread - #29/INFO]: <ofccccccccc> how am I the jew
[11:02:22] [Async Chat Thread - #29/INFO]: <ofccccccccc> you literally
[11:02:24] [Async Chat Thread - #29/INFO]: <ofccccccccc> stole my iron
[11:02:36] [Async Chat Thread - #29/INFO]: <ofccccccccc> I DONT EXPECT YOU TO GIVE ME IRON
[11:02:40] [Async Chat Thread - #29/INFO]: <ofccccccccc> I EXPECT THAT MY IRON NOT BE STOLEN
[11:02:47] [Async Chat Thread - #29/INFO]: <ofccccccccc> YA SO DID I
[11:02:49] [Async Chat Thread - #29/INFO]: <ofccccccccc> SO WHY IS MINE GONE
[11:02:52] [Async Chat Thread - #29/INFO]: <ofccccccccc> my house
[11:02:53] [Async Chat Thread - #29/INFO]: <ofccccccccc> the main chest
[11:02:55] [Async Chat Thread - #29/INFO]: <ofccccccccc> in my house
[11:03:10] [Async Chat Thread - #29/INFO]: <ofccccccccc> no
[11:03:12] [Async Chat Thread - #29/INFO]: <ofccccccccc> becacuse then ur retarded
[11:03:17] [Async Chat Thread - #29/INFO]: <ofccccccccc> u have cheats and u still lose
[11:03:28] [Async Chat Thread - #29/INFO]: <ofccccccccc> who steals iron when u have unlimited supply
[11:03:40] [Async Chat Thread - #29/INFO]: <ofccccccccc> i said no
[11:05:06] [Async Chat Thread - #30/INFO]: <ofccccccccc> ur literally a nigger
[11:05:10] [Async Chat Thread - #30/INFO]: <ofccccccccc> someone swoops my iron
[11:05:17] [Async Chat Thread - #30/INFO]: <ofccccccccc> and then it's my fault for looking for iron
[11:05:19] [Async Chat Thread - #30/INFO]: <ofccccccccc> I HAVE DIAMOND TOOLS
[11:05:29] [Async Chat Thread - #30/INFO]: <ofccccccccc> WTF WOULD I USE IRON FOR
[11:05:43] [Async Chat Thread - #30/INFO]: <ofccccccccc> i already had shears
[11:05:52] [Async Chat Thread - #30/INFO]: <ofccccccccc> correct
[11:05:59] [Async Chat Thread - #30/INFO]: <ofccccccccc> THIS IS WHY I HIDE MY SHIT
[11:06:10] [Async Chat Thread - #30/INFO]: <ofccccccccc> "hurr durr trying to be capitalist in a communist society"
[11:06:15] [Async Chat Thread - #30/INFO]: <ofccccccccc> CAUSE YOU HAVE XRAY
[11:06:29] [Async Chat Thread - #30/INFO]: <ofccccccccc> U HAVE AN UNLIMITED SUPPLY OF IRON
[11:06:34] [Async Chat Thread - #30/INFO]: <IEATPOLES> WAHAHHAHAHAHA
[11:06:39] [Async Chat Thread - #30/INFO]: <ofccccccccc> rishabh imma tnt ur house
[11:06:40] [Async Chat Thread - #30/INFO]: <ofccccccccc> u watch
[11:06:48] [Async Chat Thread - #30/INFO]: <IEATPOLES> glhf
[11:06:58] [Async Chat Thread - #30/INFO]: <ofccccccccc> "creeper attack"
[11:07:17] [Async Chat Thread - #30/INFO]: <ofccccccccc> no
[11:07:22] [Async Chat Thread - #30/INFO]: <ofccccccccc> i barely drank
[11:07:28] [Async Chat Thread - #30/INFO]: <ofccccccccc> it was like 6
[11:07:33] [Async Chat Thread - #30/INFO]: <ofccccccccc> no i said 8 shots in 10 minutes
[11:07:35] [Async Chat Thread - #30/INFO]: <ofccccccccc> and it was like 6
[11:07:44] [Async Chat Thread - #30/INFO]: <ofccccccccc> 2 o f whiskey 4 of vodka
[11:07:52] [Async Chat Thread - #30/INFO]: <ofccccccccc> and?
[11:08:00] [Async Chat Thread - #30/INFO]: <ofccccccccc> im not
[11:08:14] [Async Chat Thread - #30/INFO]: <ofccccccccc> rishabh ur literally an uber jew
[11:08:27] [Async Chat Thread - #30/INFO]: <ofccccccccc> ill kill u in ur sleep
[11:08:34] [Async Chat Thread - #30/INFO]: <IEATPOLES> stfu weirdo monster fiend
[11:08:40] [Async Chat Thread - #30/INFO]: <ofccccccccc> ur gonna go to sleep a nd then not wake up u massive gay
[11:08:46] [Async Chat Thread - #30/INFO]: <ofccccccccc> hes not tho
[11:08:57] [Async Chat Thread - #30/INFO]: <ofccccccccc> who reads server rlogs
[11:09:08] [Async Chat Thread - #30/INFO]: <ofccccccccc> who reads server logs
[11:09:20] [Async Chat Thread - #30/INFO]: <ofccccccccc> nno u wouldn't
[11:09:25] [Async Chat Thread - #30/INFO]: <ofccccccccc> u wouldn't even give a shit about the server
[11:09:30] [Async Chat Thread - #30/INFO]: <ofccccccccc> u'd just go on and blow shit up
[11:09:32] [Async Chat Thread - #30/INFO]: <ofccccccccc> 100%
[11:09:39] [Async Chat Thread - #30/INFO]: <ofccccccccc> just worldedit tnt
[11:09:41] [Async Chat Thread - #30/INFO]: <ofccccccccc> like tyler
[11:09:44] [Async Chat Thread - #30/INFO]: <ofccccccccc> and detonate
[11:09:49] [Async Chat Thread - #30/INFO]: <ofccccccccc> 100%
[11:09:58] [Async Chat Thread - #30/INFO]: <ofccccccccc> bruh im literally sober
[11:10:08] [Async Chat Thread - #30/INFO]: <ofccccccccc> >implying
[11:10:19] [Async Chat Thread - #30/INFO]: <ofccccccccc> if i were drunk i'd be passed out on the floor
[11:10:33] [Async Chat Thread - #30/INFO]: <ofccccccccc> idk
[11:10:57] [Async Chat Thread - #30/INFO]: <ofccccccccc> what is this jewassery
[11:11:00] [Async Chat Thread - #30/INFO]: <ofccccccccc> copying my pool
[11:11:05] [Async Chat Thread - #30/INFO]: <ofccccccccc> ur such a bastard
[11:11:14] [Async Chat Thread - #30/INFO]: <ofccccccccc> no u
[11:11:31] [Async Chat Thread - #30/INFO]: <ofccccccccc> it's literally the same
[11:11:35] [Async Chat Thread - #30/INFO]: <ofccccccccc> no u
[11:11:44] [Async Chat Thread - #30/INFO]: <ofccccccccc> this niggas back
[11:11:47] [Async Chat Thread - #30/INFO]: <ofccccccccc> yes
[11:12:08] [Async Chat Thread - #30/INFO]: <ofccccccccc> WTF
[11:12:13] [Async Chat Thread - #30/INFO]: <ofccccccccc> >double inhale
[11:12:22] [Async Chat Thread - #30/INFO]: <ofccccccccc> rishabh ur trying to kill jarod
[11:13:49] [Async Chat Thread - #31/INFO]: <ofccccccccc> :))))))))))))
[11:14:01] [Async Chat Thread - #31/INFO]: <ofccccccccc> the farm is grown
[11:14:18] [Async Chat Thread - #31/INFO]: <ofccccccccc> i am
[11:14:20] [Async Chat Thread - #31/INFO]: <ofccccccccc> i need wool
[11:14:28] [Async Chat Thread - #31/INFO]: <ofccccccccc> what do you think im doing
[11:14:36] [Async Chat Thread - #31/INFO]: <ofccccccccc> im literally going to the farm
[11:14:58] [Async Chat Thread - #31/INFO]: <ofccccccccc> noboddy asked for anything
[11:15:00] [Async Chat Thread - #31/INFO]: <ofccccccccc> u autist
[11:15:07] [Async Chat Thread - #31/INFO]: <IEATPOLES> give me wool
[11:15:08] [Async Chat Thread - #31/INFO]: <ofccccccccc> i asked ffor the iron YOU JEWS STOLE
[11:15:12] [Async Chat Thread - #31/INFO]: <IEATPOLES> give me
[11:15:13] [Async Chat Thread - #31/INFO]: <IEATPOLES> give me
[11:15:15] [Async Chat Thread - #31/INFO]: <IEATPOLES> give me
[11:15:21] [Server thread/INFO]: IEATPOLES issued server command: /bukkit
[11:15:52] [Async Chat Thread - #31/INFO]: <ofccccccccc> alright u jew bastardd
[11:15:54] [Async Chat Thread - #31/INFO]: <ofccccccccc> u can have wool
[11:16:04] [Async Chat Thread - #31/INFO]: <ofccccccccc> no u u fool
[11:24:37] [Async Chat Thread - #32/INFO]: <ofccccccccc> what
[11:29:54] [Server thread/WARN]: Horse moved wrongly!
[11:29:54] [Server thread/WARN]: Horse moved wrongly!
[11:29:54] [Server thread/WARN]: Horse moved wrongly!
[11:29:54] [Server thread/WARN]: Horse moved wrongly!
[11:29:54] [Server thread/WARN]: Horse moved wrongly!
[11:29:55] [Server thread/WARN]: Horse moved wrongly!
[11:29:55] [Server thread/WARN]: Horse moved wrongly!
[11:29:55] [Server thread/WARN]: Horse moved wrongly!
[11:29:55] [Server thread/WARN]: Horse moved wrongly!
[11:29:55] [Server thread/WARN]: Horse moved wrongly!
[11:29:55] [Server thread/WARN]: Horse moved wrongly!
[11:29:55] [Server thread/WARN]: Horse moved wrongly!
[11:29:55] [Server thread/WARN]: Horse moved wrongly!
[11:29:55] [Server thread/WARN]: Horse moved wrongly!
[11:29:55] [Server thread/WARN]: Horse moved wrongly!
[11:29:55] [Server thread/WARN]: Horse moved wrongly!
[11:29:56] [Server thread/WARN]: Horse moved wrongly!
[11:29:56] [Server thread/WARN]: Horse moved wrongly!
[11:29:56] [Server thread/WARN]: Horse moved wrongly!
[11:29:56] [Server thread/WARN]: Horse moved wrongly!
[11:30:09] [Async Chat Thread - #33/INFO]: <ofccccccccc> i took damage not the horse u aidsboi
[11:30:23] [Async Chat Thread - #33/INFO]: <ofccccccccc> ur roof is too low
[11:30:27] [Async Chat Thread - #33/INFO]: <ofccccccccc> ull take damage every time u exit
[11:31:28] [Async Chat Thread - #34/INFO]: <ofccccccccc> launchpad
[11:31:32] [Async Chat Thread - #34/INFO]: <ofccccccccc> stairs
[11:31:37] [Async Chat Thread - #34/INFO]: <ofccccccccc> no u suffocate
[11:36:20] [Server thread/INFO]: IEATPOLES lost connection: Disconnected
[11:36:20] [Server thread/INFO]: IEATPOLES left the game
[11:43:25] [Async Chat Thread - #35/INFO]: <ofccccccccc> u jewish ass niggas aren't gonna get ur hands on my shit i swear to god
[11:49:56] [Server thread/WARN]: Horse moved wrongly!
[11:49:56] [Server thread/WARN]: Horse moved wrongly!
[11:49:56] [Server thread/WARN]: Horse moved wrongly!
[11:49:56] [Server thread/WARN]: Horse moved wrongly!
[11:49:56] [Server thread/WARN]: Horse moved wrongly!
[11:49:56] [Server thread/WARN]: Horse moved wrongly!
[11:49:56] [Server thread/WARN]: Horse moved wrongly!
[11:49:56] [Server thread/WARN]: Horse moved wrongly!
[11:49:57] [Server thread/WARN]: Horse moved wrongly!
[11:49:57] [Server thread/WARN]: Horse moved wrongly!
[11:49:57] [Server thread/WARN]: Horse moved wrongly!
[11:49:57] [Server thread/WARN]: Horse moved wrongly!
[11:51:32] [Server thread/WARN]: Horse moved wrongly!
[11:51:33] [Server thread/WARN]: Horse moved wrongly!
[11:51:33] [Server thread/WARN]: Horse moved wrongly!
[11:51:33] [Server thread/WARN]: Horse moved wrongly!
[11:51:33] [Server thread/WARN]: Horse moved wrongly!
[11:51:33] [Server thread/WARN]: Horse moved wrongly!
[11:52:20] [Async Chat Thread - #36/INFO]: <ofccccccccc> these niggas are aids
[11:52:27] [Async Chat Thread - #36/INFO]: <ofccccccccc> take the soul sand
[11:53:02] [Async Chat Thread - #36/INFO]: <ofccccccccc> these niggas are so aids
[11:53:06] [Async Chat Thread - #36/INFO]: <ofccccccccc> ill hide the button
[11:53:08] [Async Chat Thread - #36/INFO]: <ofccccccccc> better
[11:53:14] [Async Chat Thread - #36/INFO]: <ofccccccccc> but these guys are massive aids
[11:53:31] [Async Chat Thread - #36/INFO]: <ofccccccccc> i just need to find a way to cover these blocks
[11:53:35] [Async Chat Thread - #36/INFO]: <ofccccccccc> and im good
[11:53:51] [Async Chat Thread - #36/INFO]: <ofccccccccc> ok tell me these guys aren't jewish as fuck
[11:53:55] [Async Chat Thread - #36/INFO]: <ofccccccccc> "communal society" my ass
[11:54:00] [Async Chat Thread - #36/INFO]: <ofccccccccc> everyone just raids my shit
[11:54:07] [Async Chat Thread - #36/INFO]: <ofccccccccc> bro
[11:54:11] [Async Chat Thread - #36/INFO]: <ofccccccccc> i literally lost 4 diamonds
[11:54:16] [Async Chat Thread - #36/INFO]: <ofccccccccc> they just disappeared
[11:54:22] [Async Chat Thread - #36/INFO]: <ofccccccccc> ya but why did someone take them from ME instead of asking you
[11:54:33] [Async Chat Thread - #36/INFO]: <ofccccccccc> ergo the anti jew countermeasures
[11:54:42] [Async Chat Thread - #36/INFO]: <ofccccccccc> no i have paper and a book but no leather
[11:56:38] [Async Chat Thread - #37/INFO]: <ofccccccccc> are there any blocks you can walk th rough
[11:57:01] [Async Chat Thread - #37/INFO]: <ofccccccccc> i only play mc to figure this shit out
[11:57:02] [Async Chat Thread - #37/INFO]: <ofccccccccc> on my own
[11:57:06] [Async Chat Thread - #37/INFO]: <ofccccccccc> otherwise it's boring
[11:57:15] [Async Chat Thread - #37/INFO]: <ofccccccccc> ya but that shit's aids
[11:57:17] [Async Chat Thread - #37/INFO]: <ofccccccccc> i like creative
[11:57:25] [Async Chat Thread - #37/INFO]: <ofccccccccc> my favorite server was a build server
[11:57:36] [Async Chat Thread - #37/INFO]: <ofccccccccc> i even have the screenshots for my ctf arena
[11:57:52] [Async Chat Thread - #37/INFO]: <ofccccccccc> shit was hella nice
[11:57:55] [Async Chat Thread - #37/INFO]: <ofccccccccc> then he deleted server
[11:59:10] [Async Chat Thread - #38/INFO]: <ofccccccccc> why does carpet block paintings
[11:59:12] [Async Chat Thread - #38/INFO]: <ofccccccccc> that's so aids
[12:00:30] [Async Chat Thread - #39/INFO]: <ofccccccccc> ya but that's hella far
[12:00:39] [Async Chat Thread - #39/INFO]: <ofccccccccc> bruh u literally saw me
[12:00:41] [Async Chat Thread - #39/INFO]: <ofccccccccc> get anused
[12:00:49] [Async Chat Thread - #39/INFO]: <ofccccccccc> i would
[12:00:53] [Async Chat Thread - #39/INFO]: <ofccccccccc> but some RETARD took all my diamonds
[12:01:03] [Async Chat Thread - #39/INFO]: <ofccccccccc> a sword
[12:01:10] [Async Chat Thread - #39/INFO]: <ofccccccccc> mining
[12:01:25] [Server thread/WARN]: Horse moved wrongly!
[12:01:25] [Server thread/WARN]: Horse moved wrongly!
[12:01:25] [Server thread/WARN]: Horse moved wrongly!
[12:01:26] [Server thread/WARN]: Horse moved wrongly!
[12:01:26] [Server thread/WARN]: Horse moved wrongly!
[12:01:26] [Server thread/WARN]: Horse moved wrongly!
[12:01:26] [Server thread/WARN]: Horse moved wrongly!
[12:01:26] [Server thread/WARN]: Horse moved wrongly!
[12:01:26] [Server thread/WARN]: Horse moved wrongly!
[12:01:26] [Server thread/WARN]: Horse moved wrongly!
[12:01:26] [Server thread/WARN]: Horse moved wrongly!
[12:02:01] [Async Chat Thread - #39/INFO]: <ofccccccccc> danke
[12:05:31] [Server thread/WARN]: Horse moved wrongly!
[12:05:31] [Server thread/WARN]: Horse moved wrongly!
[12:05:32] [Server thread/WARN]: Horse moved wrongly!
[12:05:46] [Async Chat Thread - #40/INFO]: <ofccccccccc> wtf
[12:05:58] [Async Chat Thread - #40/INFO]: <ofccccccccc> are they dank
[12:10:04] [Async Chat Thread - #41/INFO]: <ofccccccccc> ok im donw anti jewing
[12:10:06] [Async Chat Thread - #41/INFO]: <ofccccccccc> done
[12:10:10] [Server thread/INFO]: nuttyfriutcake lost connection: Disconnected
[12:10:10] [Server thread/INFO]: nuttyfriutcake left the game
[12:10:11] [Async Chat Thread - #41/INFO]: <ofccccccccc> gn
[12:11:31] [Server thread/INFO]: ofccccccccc lost connection: Disconnected
[12:11:31] [Server thread/INFO]: ofccccccccc left the game
[19:06:36] [User Authenticator #81/INFO]: UUID of player IEATPOLES is 6e077af3-affb-3827-a55d-eebb1e86b09f
[19:06:36] [Server thread/INFO]: IEATPOLES[/127.0.0.1:47632] logged in with entity id 721430 at ([world]-165.91157439756927, 63.0, -746.9139069923801)
[20:29:45] [Server thread/INFO]: IEATPOLES lost connection: Timed out
[20:29:45] [Server thread/INFO]: IEATPOLES left the game
[20:46:43] [User Authenticator #82/INFO]: UUID of player IEATPOLES is 6e077af3-affb-3827-a55d-eebb1e86b09f
[20:46:44] [Server thread/INFO]: IEATPOLES[/127.0.0.1:49190] logged in with entity id 734099 at ([world]-162.55312297975976, 66.0, -776.7989570502261)
[21:51:07] [Thread-1/INFO]: Stopping server
[21:51:07] [Thread-1/INFO]: Saving players
[21:51:07] [Thread-1/INFO]: IEATPOLES lost connection: Server closed
[21:51:07] [Thread-1/INFO]: IEATPOLES left the game
[21:51:07] [Server thread/WARN]: handleDisconnection() called twice
[21:51:08] [Thread-1/INFO]: Saving worlds
[21:51:08] [Thread-1/INFO]: Saving chunks for level 'world'/minecraft:overworld
[21:51:08] [Thread-1/INFO]: Saving chunks for level 'world_nether'/minecraft:the_nether
[21:51:08] [Thread-1/INFO]: Saving chunks for level 'world_the_end'/minecraft:the_end
